25-01-08.21:45:37.676 [main            ] INFO  Application            - Starting Application using Java 1.8.0_202 on hefeng with PID 852 (E:\study-project\java\lottery\lottery-app\target\classes started by sodap in E:\study-project\java\lottery)
25-01-08.21:45:37.679 [main            ] INFO  Application            - The following 1 profile is active: "dev"
25-01-08.21:45:38.272 [main            ] WARN  ClassPathMapperScanner - No MyBatis mapper was found in '[com.hf]' package. Please check your configuration.
25-01-08.21:45:38.611 [main            ] INFO  TomcatWebServer        - Tomcat initialized with port(s): 8091 (http)
25-01-08.21:45:38.618 [main            ] INFO  Http11NioProtocol      - Initializing ProtocolHandler ["http-nio-8091"]
25-01-08.21:45:38.618 [main            ] INFO  StandardService        - Starting service [Tomcat]
25-01-08.21:45:38.619 [main            ] INFO  StandardEngine         - Starting Servlet engine: [Apache Tomcat/9.0.75]
25-01-08.21:45:38.744 [main            ] INFO  [/]                    - Initializing Spring embedded WebApplicationContext
25-01-08.21:45:38.745 [main            ] INFO  ServletWebServerApplicationContext - Root WebApplicationContext: initialization completed in 1021 ms
25-01-08.21:45:39.259 [main            ] INFO  Http11NioProtocol      - Starting ProtocolHandler ["http-nio-8091"]
25-01-08.21:45:39.274 [main            ] INFO  TomcatWebServer        - Tomcat started on port(s): 8091 (http) with context path ''
25-01-08.21:45:39.282 [main            ] INFO  Application            - Started Application in 2.265 seconds (JVM running for 3.245)
25-01-08.21:45:55.298 [main            ] INFO  Application            - Starting Application using Java 1.8.0_202 on hefeng with PID 25568 (E:\study-project\java\lottery\lottery-app\target\classes started by sodap in E:\study-project\java\lottery)
25-01-08.21:45:55.301 [main            ] INFO  Application            - The following 1 profile is active: "dev"
25-01-08.21:45:55.826 [main            ] WARN  ClassPathMapperScanner - No MyBatis mapper was found in '[com.hf]' package. Please check your configuration.
25-01-08.21:45:56.190 [main            ] INFO  TomcatWebServer        - Tomcat initialized with port(s): 8091 (http)
25-01-08.21:45:56.197 [main            ] INFO  Http11NioProtocol      - Initializing ProtocolHandler ["http-nio-8091"]
25-01-08.21:45:56.198 [main            ] INFO  StandardService        - Starting service [Tomcat]
25-01-08.21:45:56.198 [main            ] INFO  StandardEngine         - Starting Servlet engine: [Apache Tomcat/9.0.75]
25-01-08.21:45:56.351 [main            ] INFO  [/]                    - Initializing Spring embedded WebApplicationContext
25-01-08.21:45:56.351 [main            ] INFO  ServletWebServerApplicationContext - Root WebApplicationContext: initialization completed in 1005 ms
25-01-08.21:45:56.922 [main            ] INFO  TomcatWebServer        - Tomcat started on port(s): 8091 (http) with context path ''
25-01-08.21:45:56.931 [main            ] INFO  Application            - Started Application in 2.192 seconds (JVM running for 3.129)
25-01-08.21:46:06.613 [main            ] INFO  Application            - Starting Application using Java 1.8.0_202 on hefeng with PID 5692 (E:\study-project\java\lottery\lottery-app\target\classes started by sodap in E:\study-project\java\lottery)
25-01-08.21:46:06.616 [main            ] INFO  Application            - The following 1 profile is active: "dev"
25-01-08.21:46:07.157 [main            ] WARN  ClassPathMapperScanner - No MyBatis mapper was found in '[com.hf]' package. Please check your configuration.
25-01-08.21:46:07.497 [main            ] INFO  TomcatWebServer        - Tomcat initialized with port(s): 8091 (http)
25-01-08.21:46:07.504 [main            ] INFO  Http11NioProtocol      - Initializing ProtocolHandler ["http-nio-8091"]
25-01-08.21:46:07.504 [main            ] INFO  StandardService        - Starting service [Tomcat]
25-01-08.21:46:07.504 [main            ] INFO  StandardEngine         - Starting Servlet engine: [Apache Tomcat/9.0.75]
25-01-08.21:46:07.622 [main            ] INFO  [/]                    - Initializing Spring embedded WebApplicationContext
25-01-08.21:46:07.623 [main            ] INFO  ServletWebServerApplicationContext - Root WebApplicationContext: initialization completed in 974 ms
25-01-08.21:46:08.129 [main            ] INFO  Http11NioProtocol      - Starting ProtocolHandler ["http-nio-8091"]
25-01-08.21:46:08.146 [main            ] INFO  TomcatWebServer        - Tomcat started on port(s): 8091 (http) with context path ''
25-01-08.21:46:08.157 [main            ] INFO  Application            - Started Application in 2.078 seconds (JVM running for 3.059)
25-01-08.21:46:20.729 [http-nio-8091-exec-1] INFO  [/]                    - Initializing Spring DispatcherServlet 'dispatcherServlet'
25-01-08.21:46:20.730 [http-nio-8091-exec-1] INFO  DispatcherServlet      - Initializing Servlet 'dispatcherServlet'
25-01-08.21:46:20.731 [http-nio-8091-exec-1] INFO  DispatcherServlet      - Completed initialization in 0 ms
